2023-03-12 12:43:16,659 [Worker-2: Loading available Gradle versions] INFO  o.e.b.c.i.u.g.PublishedGradleVersions - Gradle version information cache is out-of-date. Trying to update.
2023-03-12 12:43:37,736 [Worker-2: Importing Maven projects] INFO  o.e.m.c.i.l.LifecycleMappingFactory - Using org.eclipse.m2e.jdt.JarLifecycleMapping lifecycle mapping for MavenProject: br.com.alura.mvc:mudi:0.0.1-SNAPSHOT @ C:\mudi\1530-springmvc-parte1-aula1\pom.xml.
2023-03-12 12:43:40,947 [Worker-2: Importing Maven projects] INFO  o.e.m.j.i.AbstractJavaProjectConfigurator - Adding source folder /1530-springmvc-parte1-aula1/src/main/java
2023-03-12 12:43:40,948 [Worker-2: Importing Maven projects] INFO  o.e.m.j.i.AbstractJavaProjectConfigurator - Adding resource folder /1530-springmvc-parte1-aula1/src/main/resources
2023-03-12 12:43:40,951 [Worker-2: Importing Maven projects] INFO  o.e.m.j.i.AbstractJavaProjectConfigurator - Adding resource folder /1530-springmvc-parte1-aula1/src/main/resources
2023-03-12 12:43:40,959 [Worker-2: Importing Maven projects] INFO  o.e.m.j.i.AbstractJavaProjectConfigurator - Adding source folder /1530-springmvc-parte1-aula1/src/test/java
2023-03-12 12:43:44,054 [Worker-2: Importing Maven projects] INFO  o.e.m.c.i.p.ProjectConfigurationManager - Imported and configured 1 project(s) in 9 sec
2023-03-12 12:44:34,940 [Worker-16: Updating Maven Project] INFO  o.e.m.c.i.p.ProjectConfigurationManager - Update started
2023-03-12 12:44:35,228 [Worker-16: Updating Maven Project] INFO  o.e.m.c.i.l.LifecycleMappingFactory - Using org.eclipse.m2e.jdt.JarLifecycleMapping lifecycle mapping for MavenProject: br.com.alura.mvc:mudi:0.0.1-SNAPSHOT @ C:\mudi\1530-springmvc-parte1-aula1\pom.xml.
2023-03-12 12:44:35,838 [Worker-16: Updating Maven Project] INFO  o.e.m.j.i.AbstractJavaProjectConfigurator - Adding source folder /1530-springmvc-parte1-aula1/src/main/java
2023-03-12 12:44:35,839 [Worker-16: Updating Maven Project] INFO  o.e.m.j.i.AbstractJavaProjectConfigurator - Adding resource folder /1530-springmvc-parte1-aula1/src/main/resources
2023-03-12 12:44:35,840 [Worker-16: Updating Maven Project] INFO  o.e.m.j.i.AbstractJavaProjectConfigurator - Adding resource folder /1530-springmvc-parte1-aula1/src/main/resources
2023-03-12 12:44:35,842 [Worker-16: Updating Maven Project] INFO  o.e.m.j.i.AbstractJavaProjectConfigurator - Adding source folder /1530-springmvc-parte1-aula1/src/test/java
2023-03-12 12:44:36,201 [Worker-16: Updating Maven Project] INFO  o.e.m.c.i.p.ProjectConfigurationManager - Update completed for 1 poms: local refresh takes 0.00 sec, refresh facades takes 0.00 sec, update config takes 0.00 sec 
2023-03-12 12:44:57,971 [Worker-21: Launching Executing install in C__mudi_1530-springmvc-parte1-aula1] INFO  o.eclipse.m2e.core.internal.Bundles - getClasspathEntries(Bundle=org.eclipse.m2e.maven.runtime_3.8.604.20221130-2149 [605])
2023-03-12 12:44:57,976 [Worker-21: Launching Executing install in C__mudi_1530-springmvc-parte1-aula1] INFO  o.eclipse.m2e.core.internal.Bundles - 	Entry: C:\Users\chrys\.p2\pool\plugins\org.eclipse.m2e.maven.runtime_3.8.604.20221130-2149
2023-03-12 12:44:57,976 [Worker-21: Launching Executing install in C__mudi_1530-springmvc-parte1-aula1] INFO  o.eclipse.m2e.core.internal.Bundles - 	Entry: C:\Users\chrys\.p2\pool\plugins\org.eclipse.m2e.maven.runtime_3.8.604.20221130-2149\jars\aether-connector-okhttp-0.17.8.jar
2023-03-12 12:44:57,976 [Worker-21: Launching Executing install in C__mudi_1530-springmvc-parte1-aula1] INFO  o.eclipse.m2e.core.internal.Bundles - 	Entry: C:\Users\chrys\.p2\pool\plugins\org.eclipse.m2e.maven.runtime_3.8.604.20221130-2149\jars\commons-cli-1.4.jar
2023-03-12 12:44:57,977 [Worker-21: Launching Executing install in C__mudi_1530-springmvc-parte1-aula1] INFO  o.eclipse.m2e.core.internal.Bundles - 	Entry: C:\Users\chrys\.p2\pool\plugins\org.eclipse.m2e.maven.runtime_3.8.604.20221130-2149\jars\commons-io-2.6.jar
2023-03-12 12:44:57,977 [Worker-21: Launching Executing install in C__mudi_1530-springmvc-parte1-aula1] INFO  o.eclipse.m2e.core.internal.Bundles - 	Entry: C:\Users\chrys\.p2\pool\plugins\org.eclipse.m2e.maven.runtime_3.8.604.20221130-2149\jars\commons-lang3-3.8.1.jar
2023-03-12 12:44:57,977 [Worker-21: Launching Executing install in C__mudi_1530-springmvc-parte1-aula1] INFO  o.eclipse.m2e.core.internal.Bundles - 	Entry: C:\Users\chrys\.p2\pool\plugins\org.eclipse.m2e.maven.runtime_3.8.604.20221130-2149\jars\guice-4.2.2-no_aop.jar
2023-03-12 12:44:57,977 [Worker-21: Launching Executing install in C__mudi_1530-springmvc-parte1-aula1] INFO  o.eclipse.m2e.core.internal.Bundles - 	Entry: C:\Users\chrys\.p2\pool\plugins\org.eclipse.m2e.maven.runtime_3.8.604.20221130-2149\jars\jansi-2.4.0.jar
2023-03-12 12:44:57,977 [Worker-21: Launching Executing install in C__mudi_1530-springmvc-parte1-aula1] INFO  o.eclipse.m2e.core.internal.Bundles - 	Entry: C:\Users\chrys\.p2\pool\plugins\org.eclipse.m2e.maven.runtime_3.8.604.20221130-2149\jars\maven-artifact-3.8.6.jar
2023-03-12 12:44:57,977 [Worker-21: Launching Executing install in C__mudi_1530-springmvc-parte1-aula1] INFO  o.eclipse.m2e.core.internal.Bundles - 	Entry: C:\Users\chrys\.p2\pool\plugins\org.eclipse.m2e.maven.runtime_3.8.604.20221130-2149\jars\maven-builder-support-3.8.6.jar
2023-03-12 12:44:57,978 [Worker-21: Launching Executing install in C__mudi_1530-springmvc-parte1-aula1] INFO  o.eclipse.m2e.core.internal.Bundles - 	Entry: C:\Users\chrys\.p2\pool\plugins\org.eclipse.m2e.maven.runtime_3.8.604.20221130-2149\jars\maven-compat-3.8.6.jar
2023-03-12 12:44:57,978 [Worker-21: Launching Executing install in C__mudi_1530-springmvc-parte1-aula1] INFO  o.eclipse.m2e.core.internal.Bundles - 	Entry: C:\Users\chrys\.p2\pool\plugins\org.eclipse.m2e.maven.runtime_3.8.604.20221130-2149\jars\maven-core-3.8.6.jar
2023-03-12 12:44:57,978 [Worker-21: Launching Executing install in C__mudi_1530-springmvc-parte1-aula1] INFO  o.eclipse.m2e.core.internal.Bundles - 	Entry: C:\Users\chrys\.p2\pool\plugins\org.eclipse.m2e.maven.runtime_3.8.604.20221130-2149\jars\maven-embedder-3.8.6.jar
2023-03-12 12:44:57,978 [Worker-21: Launching Executing install in C__mudi_1530-springmvc-parte1-aula1] INFO  o.eclipse.m2e.core.internal.Bundles - 	Entry: C:\Users\chrys\.p2\pool\plugins\org.eclipse.m2e.maven.runtime_3.8.604.20221130-2149\jars\maven-model-3.8.6.jar
2023-03-12 12:44:57,978 [Worker-21: Launching Executing install in C__mudi_1530-springmvc-parte1-aula1] INFO  o.eclipse.m2e.core.internal.Bundles - 	Entry: C:\Users\chrys\.p2\pool\plugins\org.eclipse.m2e.maven.runtime_3.8.604.20221130-2149\jars\maven-model-builder-3.8.6.jar
2023-03-12 12:44:57,979 [Worker-21: Launching Executing install in C__mudi_1530-springmvc-parte1-aula1] INFO  o.eclipse.m2e.core.internal.Bundles - 	Entry: C:\Users\chrys\.p2\pool\plugins\org.eclipse.m2e.maven.runtime_3.8.604.20221130-2149\jars\maven-plugin-api-3.8.6.jar
2023-03-12 12:44:57,979 [Worker-21: Launching Executing install in C__mudi_1530-springmvc-parte1-aula1] INFO  o.eclipse.m2e.core.internal.Bundles - 	Entry: C:\Users\chrys\.p2\pool\plugins\org.eclipse.m2e.maven.runtime_3.8.604.20221130-2149\jars\maven-repository-metadata-3.8.6.jar
2023-03-12 12:44:57,979 [Worker-21: Launching Executing install in C__mudi_1530-springmvc-parte1-aula1] INFO  o.eclipse.m2e.core.internal.Bundles - 	Entry: C:\Users\chrys\.p2\pool\plugins\org.eclipse.m2e.maven.runtime_3.8.604.20221130-2149\jars\maven-resolver-api-1.6.3.jar
2023-03-12 12:44:57,979 [Worker-21: Launching Executing install in C__mudi_1530-springmvc-parte1-aula1] INFO  o.eclipse.m2e.core.internal.Bundles - 	Entry: C:\Users\chrys\.p2\pool\plugins\org.eclipse.m2e.maven.runtime_3.8.604.20221130-2149\jars\maven-resolver-connector-basic-1.6.3.jar
2023-03-12 12:44:57,979 [Worker-21: Launching Executing install in C__mudi_1530-springmvc-parte1-aula1] INFO  o.eclipse.m2e.core.internal.Bundles - 	Entry: C:\Users\chrys\.p2\pool\plugins\org.eclipse.m2e.maven.runtime_3.8.604.20221130-2149\jars\maven-resolver-impl-1.6.3.jar
2023-03-12 12:44:57,980 [Worker-21: Launching Executing install in C__mudi_1530-springmvc-parte1-aula1] INFO  o.eclipse.m2e.core.internal.Bundles - 	Entry: C:\Users\chrys\.p2\pool\plugins\org.eclipse.m2e.maven.runtime_3.8.604.20221130-2149\jars\maven-resolver-provider-3.8.6.jar
2023-03-12 12:44:57,980 [Worker-21: Launching Executing install in C__mudi_1530-springmvc-parte1-aula1] INFO  o.eclipse.m2e.core.internal.Bundles - 	Entry: C:\Users\chrys\.p2\pool\plugins\org.eclipse.m2e.maven.runtime_3.8.604.20221130-2149\jars\maven-resolver-spi-1.6.3.jar
2023-03-12 12:44:57,980 [Worker-21: Launching Executing install in C__mudi_1530-springmvc-parte1-aula1] INFO  o.eclipse.m2e.core.internal.Bundles - 	Entry: C:\Users\chrys\.p2\pool\plugins\org.eclipse.m2e.maven.runtime_3.8.604.20221130-2149\jars\maven-resolver-transport-wagon-1.6.3.jar
2023-03-12 12:44:57,980 [Worker-21: Launching Executing install in C__mudi_1530-springmvc-parte1-aula1] INFO  o.eclipse.m2e.core.internal.Bundles - 	Entry: C:\Users\chrys\.p2\pool\plugins\org.eclipse.m2e.maven.runtime_3.8.604.20221130-2149\jars\maven-resolver-util-1.6.3.jar
2023-03-12 12:44:57,980 [Worker-21: Launching Executing install in C__mudi_1530-springmvc-parte1-aula1] INFO  o.eclipse.m2e.core.internal.Bundles - 	Entry: C:\Users\chrys\.p2\pool\plugins\org.eclipse.m2e.maven.runtime_3.8.604.20221130-2149\jars\maven-settings-3.8.6.jar
2023-03-12 12:44:57,981 [Worker-21: Launching Executing install in C__mudi_1530-springmvc-parte1-aula1] INFO  o.eclipse.m2e.core.internal.Bundles - 	Entry: C:\Users\chrys\.p2\pool\plugins\org.eclipse.m2e.maven.runtime_3.8.604.20221130-2149\jars\maven-settings-builder-3.8.6.jar
2023-03-12 12:44:57,981 [Worker-21: Launching Executing install in C__mudi_1530-springmvc-parte1-aula1] INFO  o.eclipse.m2e.core.internal.Bundles - 	Entry: C:\Users\chrys\.p2\pool\plugins\org.eclipse.m2e.maven.runtime_3.8.604.20221130-2149\jars\maven-shared-utils-3.3.4.jar
2023-03-12 12:44:57,981 [Worker-21: Launching Executing install in C__mudi_1530-springmvc-parte1-aula1] INFO  o.eclipse.m2e.core.internal.Bundles - 	Entry: C:\Users\chrys\.p2\pool\plugins\org.eclipse.m2e.maven.runtime_3.8.604.20221130-2149\jars\okhttp-3.14.1.jar
2023-03-12 12:44:57,981 [Worker-21: Launching Executing install in C__mudi_1530-springmvc-parte1-aula1] INFO  o.eclipse.m2e.core.internal.Bundles - 	Entry: C:\Users\chrys\.p2\pool\plugins\org.eclipse.m2e.maven.runtime_3.8.604.20221130-2149\jars\okio-1.17.3.jar
2023-03-12 12:44:57,981 [Worker-21: Launching Executing install in C__mudi_1530-springmvc-parte1-aula1] INFO  o.eclipse.m2e.core.internal.Bundles - 	Entry: C:\Users\chrys\.p2\pool\plugins\org.eclipse.m2e.maven.runtime_3.8.604.20221130-2149\jars\org.eclipse.sisu.inject-0.3.5.jar
2023-03-12 12:44:57,982 [Worker-21: Launching Executing install in C__mudi_1530-springmvc-parte1-aula1] INFO  o.eclipse.m2e.core.internal.Bundles - 	Entry: C:\Users\chrys\.p2\pool\plugins\org.eclipse.m2e.maven.runtime_3.8.604.20221130-2149\jars\org.eclipse.sisu.plexus-0.3.5.jar
2023-03-12 12:44:57,982 [Worker-21: Launching Executing install in C__mudi_1530-springmvc-parte1-aula1] INFO  o.eclipse.m2e.core.internal.Bundles - 	Entry: C:\Users\chrys\.p2\pool\plugins\org.eclipse.m2e.maven.runtime_3.8.604.20221130-2149\jars\plexus-build-api-0.0.7.jar
2023-03-12 12:44:57,982 [Worker-21: Launching Executing install in C__mudi_1530-springmvc-parte1-aula1] INFO  o.eclipse.m2e.core.internal.Bundles - 	Entry: C:\Users\chrys\.p2\pool\plugins\org.eclipse.m2e.maven.runtime_3.8.604.20221130-2149\jars\plexus-cipher-2.0.jar
2023-03-12 12:44:57,982 [Worker-21: Launching Executing install in C__mudi_1530-springmvc-parte1-aula1] INFO  o.eclipse.m2e.core.internal.Bundles - 	Entry: C:\Users\chrys\.p2\pool\plugins\org.eclipse.m2e.maven.runtime_3.8.604.20221130-2149\jars\plexus-classworlds-2.6.0.jar
2023-03-12 12:44:57,983 [Worker-21: Launching Executing install in C__mudi_1530-springmvc-parte1-aula1] INFO  o.eclipse.m2e.core.internal.Bundles - 	Entry: C:\Users\chrys\.p2\pool\plugins\org.eclipse.m2e.maven.runtime_3.8.604.20221130-2149\jars\plexus-component-annotations-2.1.0.jar
2023-03-12 12:44:57,983 [Worker-21: Launching Executing install in C__mudi_1530-springmvc-parte1-aula1] INFO  o.eclipse.m2e.core.internal.Bundles - 	Entry: C:\Users\chrys\.p2\pool\plugins\org.eclipse.m2e.maven.runtime_3.8.604.20221130-2149\jars\plexus-interpolation-1.26.jar
2023-03-12 12:44:57,983 [Worker-21: Launching Executing install in C__mudi_1530-springmvc-parte1-aula1] INFO  o.eclipse.m2e.core.internal.Bundles - 	Entry: C:\Users\chrys\.p2\pool\plugins\org.eclipse.m2e.maven.runtime_3.8.604.20221130-2149\jars\plexus-sec-dispatcher-2.0.jar
2023-03-12 12:44:57,983 [Worker-21: Launching Executing install in C__mudi_1530-springmvc-parte1-aula1] INFO  o.eclipse.m2e.core.internal.Bundles - 	Entry: C:\Users\chrys\.p2\pool\plugins\org.eclipse.m2e.maven.runtime_3.8.604.20221130-2149\jars\plexus-utils-3.3.1.jar
2023-03-12 12:44:57,983 [Worker-21: Launching Executing install in C__mudi_1530-springmvc-parte1-aula1] INFO  o.eclipse.m2e.core.internal.Bundles - 	Entry: C:\Users\chrys\.p2\pool\plugins\org.eclipse.m2e.maven.runtime_3.8.604.20221130-2149\jars\wagon-file-3.5.1.jar
2023-03-12 12:44:57,983 [Worker-21: Launching Executing install in C__mudi_1530-springmvc-parte1-aula1] INFO  o.eclipse.m2e.core.internal.Bundles - 	Entry: C:\Users\chrys\.p2\pool\plugins\org.eclipse.m2e.maven.runtime_3.8.604.20221130-2149\jars\wagon-provider-api-3.5.1.jar
2023-03-12 12:44:57,986 [Worker-21: Launching Executing install in C__mudi_1530-springmvc-parte1-aula1] INFO  o.eclipse.m2e.core.internal.Bundles - getClasspathEntries(Bundle=com.google.guava_30.1.0.v20221112-0806 [10])
2023-03-12 12:44:57,988 [Worker-21: Launching Executing install in C__mudi_1530-springmvc-parte1-aula1] INFO  o.eclipse.m2e.core.internal.Bundles - 	Entry: C:\Users\chrys\.p2\pool\plugins\com.google.guava_30.1.0.v20221112-0806.jar
2023-03-12 12:44:57,988 [Worker-21: Launching Executing install in C__mudi_1530-springmvc-parte1-aula1] INFO  o.eclipse.m2e.core.internal.Bundles - getClasspathEntries(Bundle=slf4j.api_1.7.36 [917])
2023-03-12 12:44:57,989 [Worker-21: Launching Executing install in C__mudi_1530-springmvc-parte1-aula1] INFO  o.eclipse.m2e.core.internal.Bundles - 	Entry: C:\Users\chrys\.p2\pool\plugins\slf4j.api_1.7.36.jar
2023-03-12 12:44:57,989 [Worker-21: Launching Executing install in C__mudi_1530-springmvc-parte1-aula1] INFO  o.eclipse.m2e.core.internal.Bundles - getClasspathEntries(Bundle=javax.inject_1.0.0.v20220405-0441 [32])
2023-03-12 12:44:57,989 [Worker-21: Launching Executing install in C__mudi_1530-springmvc-parte1-aula1] INFO  o.eclipse.m2e.core.internal.Bundles - 	Entry: C:\Users\chrys\.p2\pool\plugins\javax.inject_1.0.0.v20220405-0441.jar
2023-03-12 12:44:57,990 [Worker-21: Launching Executing install in C__mudi_1530-springmvc-parte1-aula1] INFO  o.eclipse.m2e.core.internal.Bundles - getClasspathEntries(Bundle=javax.annotation_1.3.5.v20221112-0806 [30])
2023-03-12 12:44:57,991 [Worker-21: Launching Executing install in C__mudi_1530-springmvc-parte1-aula1] INFO  o.eclipse.m2e.core.internal.Bundles - 	Entry: C:\Users\chrys\.p2\pool\plugins\javax.annotation_1.3.5.v20221112-0806.jar
2023-03-12 12:44:58,000 [Worker-21: Launching Executing install in C__mudi_1530-springmvc-parte1-aula1] INFO  o.e.m.i.launch.MavenLaunchDelegate - Run build in "C:\mudi\1530-springmvc-parte1-aula1":
2023-03-12 12:44:58,003 [Worker-21: Launching Executing install in C__mudi_1530-springmvc-parte1-aula1] INFO  o.e.m.i.launch.MavenLaunchDelegate -  mvn  -B -Dstyle.color=always install
2023-03-12 12:45:32,015 [main] INFO  o.e.m2e.actions.ExecutePomAction - Creating new launch configuration
2023-03-12 13:08:36,286 [Worker-0: Loading available Gradle versions] INFO  o.e.b.c.i.u.g.PublishedGradleVersions - Gradle version information cache is up-to-date. Trying to read.
2023-03-12 13:10:29,508 [Worker-1: Building] INFO  o.e.m.c.i.embedder.EclipseLogger - Using 'UTF-8' encoding to copy filtered resources.
2023-03-12 13:10:29,514 [Worker-1: Building] INFO  o.e.m.c.i.embedder.EclipseLogger - Copying 1 resource
2023-03-12 13:10:29,533 [Worker-1: Building] INFO  o.e.m.c.i.embedder.EclipseLogger - Copying 1 resource
2023-03-12 13:10:29,550 [Worker-1: Building] INFO  o.e.m.c.i.embedder.EclipseLogger - Using 'UTF-8' encoding to copy filtered resources.
2023-03-12 13:10:29,551 [Worker-1: Building] INFO  o.e.m.c.i.embedder.EclipseLogger - skip non existing resourceDirectory C:\mudi\1530-springmvc-parte1-aula1\src\test\resources
2023-03-12 13:13:20,374 [Worker-24: Building] INFO  o.e.m.c.i.embedder.EclipseLogger - Using 'UTF-8' encoding to copy filtered resources.
2023-03-12 13:13:20,378 [Worker-24: Building] INFO  o.e.m.c.i.embedder.EclipseLogger - Copying 0 resource
2023-03-12 13:13:20,379 [Worker-24: Building] INFO  o.e.m.c.i.embedder.EclipseLogger - Copying 1 resource
2023-03-12 13:13:20,387 [Worker-24: Building] INFO  o.e.m.c.i.embedder.EclipseLogger - Using 'UTF-8' encoding to copy filtered resources.
2023-03-12 13:13:20,388 [Worker-24: Building] INFO  o.e.m.c.i.embedder.EclipseLogger - skip non existing resourceDirectory C:\mudi\1530-springmvc-parte1-aula1\src\test\resources
2023-03-13 01:19:58,952 [Worker-4: Loading available Gradle versions] INFO  o.e.b.c.i.u.g.PublishedGradleVersions - Gradle version information cache is up-to-date. Trying to read.
2023-03-13 01:23:10,051 [Worker-6: Building] INFO  o.e.m.c.i.embedder.EclipseLogger - Using 'UTF-8' encoding to copy filtered resources.
2023-03-13 01:23:10,056 [Worker-6: Building] INFO  o.e.m.c.i.embedder.EclipseLogger - Copying 1 resource
2023-03-13 01:23:10,071 [Worker-6: Building] INFO  o.e.m.c.i.embedder.EclipseLogger - Copying 1 resource
2023-03-13 01:23:10,081 [Worker-6: Building] INFO  o.e.m.c.i.embedder.EclipseLogger - Using 'UTF-8' encoding to copy filtered resources.
2023-03-13 01:23:10,081 [Worker-6: Building] INFO  o.e.m.c.i.embedder.EclipseLogger - skip non existing resourceDirectory C:\mudi\1530-springmvc-parte1-aula1\src\test\resources
2023-03-13 01:23:11,674 [Worker-12: Building] INFO  o.e.m.c.i.embedder.EclipseLogger - Using 'UTF-8' encoding to copy filtered resources.
2023-03-13 01:23:11,675 [Worker-12: Building] INFO  o.e.m.c.i.embedder.EclipseLogger - Copying 0 resource
2023-03-13 01:23:11,676 [Worker-12: Building] INFO  o.e.m.c.i.embedder.EclipseLogger - Copying 1 resource
2023-03-13 01:23:11,681 [Worker-12: Building] INFO  o.e.m.c.i.embedder.EclipseLogger - Using 'UTF-8' encoding to copy filtered resources.
2023-03-13 01:23:11,681 [Worker-12: Building] INFO  o.e.m.c.i.embedder.EclipseLogger - skip non existing resourceDirectory C:\mudi\1530-springmvc-parte1-aula1\src\test\resources
2023-03-13 01:30:50,690 [Worker-22: Building] INFO  o.e.m.c.i.embedder.EclipseLogger - Using 'UTF-8' encoding to copy filtered resources.
2023-03-13 01:30:50,691 [Worker-22: Building] INFO  o.e.m.c.i.embedder.EclipseLogger - Copying 0 resource
2023-03-13 01:30:50,692 [Worker-22: Building] INFO  o.e.m.c.i.embedder.EclipseLogger - Copying 1 resource
2023-03-13 01:30:50,700 [Worker-22: Building] INFO  o.e.m.c.i.embedder.EclipseLogger - Using 'UTF-8' encoding to copy filtered resources.
2023-03-13 01:30:50,701 [Worker-22: Building] INFO  o.e.m.c.i.embedder.EclipseLogger - skip non existing resourceDirectory C:\mudi\1530-springmvc-parte1-aula1\src\test\resources
2023-03-13 01:36:53,967 [Worker-22: Building] INFO  o.e.m.c.i.embedder.EclipseLogger - Using 'UTF-8' encoding to copy filtered resources.
2023-03-13 01:36:53,968 [Worker-22: Building] INFO  o.e.m.c.i.embedder.EclipseLogger - Copying 0 resource
2023-03-13 01:36:53,968 [Worker-22: Building] INFO  o.e.m.c.i.embedder.EclipseLogger - Copying 1 resource
2023-03-13 01:36:53,972 [Worker-22: Building] INFO  o.e.m.c.i.embedder.EclipseLogger - Using 'UTF-8' encoding to copy filtered resources.
2023-03-13 01:36:53,972 [Worker-22: Building] INFO  o.e.m.c.i.embedder.EclipseLogger - skip non existing resourceDirectory C:\mudi\1530-springmvc-parte1-aula1\src\test\resources
2023-03-13 01:37:27,096 [Worker-11: Building] INFO  o.e.m.c.i.embedder.EclipseLogger - Using 'UTF-8' encoding to copy filtered resources.
2023-03-13 01:37:27,096 [Worker-11: Building] INFO  o.e.m.c.i.embedder.EclipseLogger - Copying 0 resource
2023-03-13 01:37:27,097 [Worker-11: Building] INFO  o.e.m.c.i.embedder.EclipseLogger - Copying 1 resource
2023-03-13 01:37:27,100 [Worker-11: Building] INFO  o.e.m.c.i.embedder.EclipseLogger - Using 'UTF-8' encoding to copy filtered resources.
2023-03-13 01:37:27,100 [Worker-11: Building] INFO  o.e.m.c.i.embedder.EclipseLogger - skip non existing resourceDirectory C:\mudi\1530-springmvc-parte1-aula1\src\test\resources
2023-03-13 01:40:43,089 [Worker-24: Building] INFO  o.e.m.c.i.embedder.EclipseLogger - Using 'UTF-8' encoding to copy filtered resources.
2023-03-13 01:40:43,092 [Worker-24: Building] INFO  o.e.m.c.i.embedder.EclipseLogger - Copying 1 resource
2023-03-13 01:40:43,095 [Worker-24: Building] INFO  o.e.m.c.i.embedder.EclipseLogger - Copying 2 resources
2023-03-13 01:40:43,101 [Worker-24: Building] INFO  o.e.m.c.i.embedder.EclipseLogger - Using 'UTF-8' encoding to copy filtered resources.
2023-03-13 01:40:43,102 [Worker-24: Building] INFO  o.e.m.c.i.embedder.EclipseLogger - skip non existing resourceDirectory C:\mudi\1530-springmvc-parte1-aula1\src\test\resources
2023-03-13 01:41:33,124 [Worker-25: Building] INFO  o.e.m.c.i.embedder.EclipseLogger - Using 'UTF-8' encoding to copy filtered resources.
2023-03-13 01:41:33,126 [Worker-25: Building] INFO  o.e.m.c.i.embedder.EclipseLogger - Copying 1 resource
2023-03-13 01:41:33,127 [Worker-25: Building] INFO  o.e.m.c.i.embedder.EclipseLogger - Copying 2 resources
2023-03-13 01:41:33,131 [Worker-25: Building] INFO  o.e.m.c.i.embedder.EclipseLogger - Using 'UTF-8' encoding to copy filtered resources.
2023-03-13 01:41:33,131 [Worker-25: Building] INFO  o.e.m.c.i.embedder.EclipseLogger - skip non existing resourceDirectory C:\mudi\1530-springmvc-parte1-aula1\src\test\resources
2023-03-13 01:41:47,618 [Worker-24: Building] INFO  o.e.m.c.i.embedder.EclipseLogger - Using 'UTF-8' encoding to copy filtered resources.
2023-03-13 01:41:47,618 [Worker-24: Building] INFO  o.e.m.c.i.embedder.EclipseLogger - Copying 1 resource
2023-03-13 01:41:47,621 [Worker-24: Building] INFO  o.e.m.c.i.embedder.EclipseLogger - Copying 2 resources
2023-03-13 01:41:47,624 [Worker-24: Building] INFO  o.e.m.c.i.embedder.EclipseLogger - Using 'UTF-8' encoding to copy filtered resources.
2023-03-13 01:41:47,626 [Worker-24: Building] INFO  o.e.m.c.i.embedder.EclipseLogger - skip non existing resourceDirectory C:\mudi\1530-springmvc-parte1-aula1\src\test\resources
2023-03-13 01:42:19,552 [Worker-24: Building] INFO  o.e.m.c.i.embedder.EclipseLogger - Using 'UTF-8' encoding to copy filtered resources.
2023-03-13 01:42:19,553 [Worker-24: Building] INFO  o.e.m.c.i.embedder.EclipseLogger - Copying 1 resource
2023-03-13 01:42:19,553 [Worker-24: Building] INFO  o.e.m.c.i.embedder.EclipseLogger - Copying 2 resources
2023-03-13 01:42:19,556 [Worker-24: Building] INFO  o.e.m.c.i.embedder.EclipseLogger - Using 'UTF-8' encoding to copy filtered resources.
2023-03-13 01:42:19,556 [Worker-24: Building] INFO  o.e.m.c.i.embedder.EclipseLogger - skip non existing resourceDirectory C:\mudi\1530-springmvc-parte1-aula1\src\test\resources
2023-03-13 01:44:37,384 [Worker-24: Building] INFO  o.e.m.c.i.embedder.EclipseLogger - Using 'UTF-8' encoding to copy filtered resources.
2023-03-13 01:44:37,385 [Worker-24: Building] INFO  o.e.m.c.i.embedder.EclipseLogger - Copying 1 resource
2023-03-13 01:44:37,389 [Worker-24: Building] INFO  o.e.m.c.i.embedder.EclipseLogger - Copying 2 resources
2023-03-13 01:44:37,392 [Worker-24: Building] INFO  o.e.m.c.i.embedder.EclipseLogger - Using 'UTF-8' encoding to copy filtered resources.
2023-03-13 01:44:37,393 [Worker-24: Building] INFO  o.e.m.c.i.embedder.EclipseLogger - skip non existing resourceDirectory C:\mudi\1530-springmvc-parte1-aula1\src\test\resources
2023-03-13 01:46:23,789 [Worker-28: Building] INFO  o.e.m.c.i.embedder.EclipseLogger - Using 'UTF-8' encoding to copy filtered resources.
2023-03-13 01:46:23,792 [Worker-28: Building] INFO  o.e.m.c.i.embedder.EclipseLogger - Copying 1 resource
2023-03-13 01:46:23,794 [Worker-28: Building] INFO  o.e.m.c.i.embedder.EclipseLogger - Copying 2 resources
2023-03-13 01:46:23,797 [Worker-28: Building] INFO  o.e.m.c.i.embedder.EclipseLogger - Using 'UTF-8' encoding to copy filtered resources.
2023-03-13 01:46:23,797 [Worker-28: Building] INFO  o.e.m.c.i.embedder.EclipseLogger - skip non existing resourceDirectory C:\mudi\1530-springmvc-parte1-aula1\src\test\resources
2023-03-13 01:46:58,262 [Worker-27: Building] INFO  o.e.m.c.i.embedder.EclipseLogger - Using 'UTF-8' encoding to copy filtered resources.
2023-03-13 01:46:58,263 [Worker-27: Building] INFO  o.e.m.c.i.embedder.EclipseLogger - Copying 1 resource
2023-03-13 01:46:58,264 [Worker-27: Building] INFO  o.e.m.c.i.embedder.EclipseLogger - Copying 2 resources
2023-03-13 01:46:58,266 [Worker-27: Building] INFO  o.e.m.c.i.embedder.EclipseLogger - Using 'UTF-8' encoding to copy filtered resources.
2023-03-13 01:46:58,267 [Worker-27: Building] INFO  o.e.m.c.i.embedder.EclipseLogger - skip non existing resourceDirectory C:\mudi\1530-springmvc-parte1-aula1\src\test\resources
2023-03-13 01:49:53,257 [Worker-24: Building] INFO  o.e.m.c.i.embedder.EclipseLogger - Using 'UTF-8' encoding to copy filtered resources.
2023-03-13 01:49:53,258 [Worker-24: Building] INFO  o.e.m.c.i.embedder.EclipseLogger - Copying 1 resource
2023-03-13 01:49:53,260 [Worker-24: Building] INFO  o.e.m.c.i.embedder.EclipseLogger - Copying 2 resources
2023-03-13 01:49:53,263 [Worker-24: Building] INFO  o.e.m.c.i.embedder.EclipseLogger - Using 'UTF-8' encoding to copy filtered resources.
2023-03-13 01:49:53,264 [Worker-24: Building] INFO  o.e.m.c.i.embedder.EclipseLogger - skip non existing resourceDirectory C:\mudi\1530-springmvc-parte1-aula1\src\test\resources
2023-03-13 01:53:39,878 [Worker-24: Building] INFO  o.e.m.c.i.embedder.EclipseLogger - Using 'UTF-8' encoding to copy filtered resources.
2023-03-13 01:53:39,879 [Worker-24: Building] INFO  o.e.m.c.i.embedder.EclipseLogger - Copying 1 resource
2023-03-13 01:53:39,880 [Worker-24: Building] INFO  o.e.m.c.i.embedder.EclipseLogger - Copying 2 resources
2023-03-13 01:53:39,882 [Worker-24: Building] INFO  o.e.m.c.i.embedder.EclipseLogger - Using 'UTF-8' encoding to copy filtered resources.
2023-03-13 01:53:39,882 [Worker-24: Building] INFO  o.e.m.c.i.embedder.EclipseLogger - skip non existing resourceDirectory C:\mudi\1530-springmvc-parte1-aula1\src\test\resources
2023-03-13 01:53:45,069 [Worker-28: Building] INFO  o.e.m.c.i.embedder.EclipseLogger - Using 'UTF-8' encoding to copy filtered resources.
2023-03-13 01:53:45,069 [Worker-28: Building] INFO  o.e.m.c.i.embedder.EclipseLogger - Copying 1 resource
2023-03-13 01:53:45,071 [Worker-28: Building] INFO  o.e.m.c.i.embedder.EclipseLogger - Copying 2 resources
2023-03-13 01:53:45,073 [Worker-28: Building] INFO  o.e.m.c.i.embedder.EclipseLogger - Using 'UTF-8' encoding to copy filtered resources.
2023-03-13 01:53:45,073 [Worker-28: Building] INFO  o.e.m.c.i.embedder.EclipseLogger - skip non existing resourceDirectory C:\mudi\1530-springmvc-parte1-aula1\src\test\resources
2023-03-13 01:57:51,780 [Worker-31: Building] INFO  o.e.m.c.i.embedder.EclipseLogger - Using 'UTF-8' encoding to copy filtered resources.
2023-03-13 01:57:51,780 [Worker-31: Building] INFO  o.e.m.c.i.embedder.EclipseLogger - Copying 1 resource
2023-03-13 01:57:51,781 [Worker-31: Building] INFO  o.e.m.c.i.embedder.EclipseLogger - Copying 2 resources
2023-03-13 01:57:51,785 [Worker-31: Building] INFO  o.e.m.c.i.embedder.EclipseLogger - Using 'UTF-8' encoding to copy filtered resources.
2023-03-13 01:57:51,786 [Worker-31: Building] INFO  o.e.m.c.i.embedder.EclipseLogger - skip non existing resourceDirectory C:\mudi\1530-springmvc-parte1-aula1\src\test\resources
2023-03-13 02:00:01,959 [Worker-31: Building] INFO  o.e.m.c.i.embedder.EclipseLogger - Using 'UTF-8' encoding to copy filtered resources.
2023-03-13 02:00:01,961 [Worker-31: Building] INFO  o.e.m.c.i.embedder.EclipseLogger - Copying 1 resource
2023-03-13 02:00:01,962 [Worker-31: Building] INFO  o.e.m.c.i.embedder.EclipseLogger - Copying 2 resources
2023-03-13 02:00:01,965 [Worker-31: Building] INFO  o.e.m.c.i.embedder.EclipseLogger - Using 'UTF-8' encoding to copy filtered resources.
2023-03-13 02:00:01,965 [Worker-31: Building] INFO  o.e.m.c.i.embedder.EclipseLogger - skip non existing resourceDirectory C:\mudi\1530-springmvc-parte1-aula1\src\test\resources
2023-03-13 02:00:24,505 [Worker-31: Building] INFO  o.e.m.c.i.embedder.EclipseLogger - Using 'UTF-8' encoding to copy filtered resources.
2023-03-13 02:00:24,506 [Worker-31: Building] INFO  o.e.m.c.i.embedder.EclipseLogger - Copying 1 resource
2023-03-13 02:00:24,508 [Worker-31: Building] INFO  o.e.m.c.i.embedder.EclipseLogger - Copying 2 resources
2023-03-13 02:00:24,512 [Worker-31: Building] INFO  o.e.m.c.i.embedder.EclipseLogger - Using 'UTF-8' encoding to copy filtered resources.
2023-03-13 02:00:24,513 [Worker-31: Building] INFO  o.e.m.c.i.embedder.EclipseLogger - skip non existing resourceDirectory C:\mudi\1530-springmvc-parte1-aula1\src\test\resources
2023-03-13 02:02:00,651 [Worker-33: Building] INFO  o.e.m.c.i.embedder.EclipseLogger - Using 'UTF-8' encoding to copy filtered resources.
2023-03-13 02:02:00,652 [Worker-33: Building] INFO  o.e.m.c.i.embedder.EclipseLogger - Copying 1 resource
2023-03-13 02:02:00,653 [Worker-33: Building] INFO  o.e.m.c.i.embedder.EclipseLogger - Copying 2 resources
2023-03-13 02:02:00,655 [Worker-33: Building] INFO  o.e.m.c.i.embedder.EclipseLogger - Using 'UTF-8' encoding to copy filtered resources.
2023-03-13 02:02:00,655 [Worker-33: Building] INFO  o.e.m.c.i.embedder.EclipseLogger - skip non existing resourceDirectory C:\mudi\1530-springmvc-parte1-aula1\src\test\resources
2023-03-13 02:03:10,408 [Worker-24: Building] INFO  o.e.m.c.i.embedder.EclipseLogger - Using 'UTF-8' encoding to copy filtered resources.
2023-03-13 02:03:10,409 [Worker-24: Building] INFO  o.e.m.c.i.embedder.EclipseLogger - Copying 1 resource
2023-03-13 02:03:10,410 [Worker-24: Building] INFO  o.e.m.c.i.embedder.EclipseLogger - Copying 2 resources
2023-03-13 02:03:10,413 [Worker-24: Building] INFO  o.e.m.c.i.embedder.EclipseLogger - Using 'UTF-8' encoding to copy filtered resources.
2023-03-13 02:03:10,413 [Worker-24: Building] INFO  o.e.m.c.i.embedder.EclipseLogger - skip non existing resourceDirectory C:\mudi\1530-springmvc-parte1-aula1\src\test\resources
2023-03-13 02:07:11,431 [Worker-31: Building] INFO  o.e.m.c.i.embedder.EclipseLogger - Using 'UTF-8' encoding to copy filtered resources.
2023-03-13 02:07:11,432 [Worker-31: Building] INFO  o.e.m.c.i.embedder.EclipseLogger - Copying 0 resource
2023-03-13 02:07:11,432 [Worker-31: Building] INFO  o.e.m.c.i.embedder.EclipseLogger - Copying 1 resource
2023-03-13 02:07:11,437 [Worker-31: Building] INFO  o.e.m.c.i.embedder.EclipseLogger - Using 'UTF-8' encoding to copy filtered resources.
2023-03-13 02:07:11,437 [Worker-31: Building] INFO  o.e.m.c.i.embedder.EclipseLogger - skip non existing resourceDirectory C:\mudi\1530-springmvc-parte1-aula1\src\test\resources
2023-03-13 02:09:28,494 [Worker-35: Building] INFO  o.e.m.c.i.embedder.EclipseLogger - Using 'UTF-8' encoding to copy filtered resources.
2023-03-13 02:09:28,495 [Worker-35: Building] INFO  o.e.m.c.i.embedder.EclipseLogger - Copying 0 resource
2023-03-13 02:09:28,496 [Worker-35: Building] INFO  o.e.m.c.i.embedder.EclipseLogger - Copying 1 resource
2023-03-13 02:09:28,500 [Worker-35: Building] INFO  o.e.m.c.i.embedder.EclipseLogger - Using 'UTF-8' encoding to copy filtered resources.
2023-03-13 02:09:28,501 [Worker-35: Building] INFO  o.e.m.c.i.embedder.EclipseLogger - skip non existing resourceDirectory C:\mudi\1530-springmvc-parte1-aula1\src\test\resources
2023-03-13 02:09:36,921 [Worker-37: Building] INFO  o.e.m.c.i.embedder.EclipseLogger - Using 'UTF-8' encoding to copy filtered resources.
2023-03-13 02:09:36,922 [Worker-37: Building] INFO  o.e.m.c.i.embedder.EclipseLogger - Copying 0 resource
2023-03-13 02:09:36,922 [Worker-37: Building] INFO  o.e.m.c.i.embedder.EclipseLogger - Copying 1 resource
2023-03-13 02:09:36,928 [Worker-37: Building] INFO  o.e.m.c.i.embedder.EclipseLogger - Using 'UTF-8' encoding to copy filtered resources.
2023-03-13 02:09:36,928 [Worker-37: Building] INFO  o.e.m.c.i.embedder.EclipseLogger - skip non existing resourceDirectory C:\mudi\1530-springmvc-parte1-aula1\src\test\resources
2023-03-13 02:10:04,772 [Worker-35: Building] INFO  o.e.m.c.i.embedder.EclipseLogger - Using 'UTF-8' encoding to copy filtered resources.
2023-03-13 02:10:04,772 [Worker-35: Building] INFO  o.e.m.c.i.embedder.EclipseLogger - Copying 0 resource
2023-03-13 02:10:04,772 [Worker-35: Building] INFO  o.e.m.c.i.embedder.EclipseLogger - Copying 1 resource
2023-03-13 02:10:04,776 [Worker-35: Building] INFO  o.e.m.c.i.embedder.EclipseLogger - Using 'UTF-8' encoding to copy filtered resources.
2023-03-13 02:10:04,776 [Worker-35: Building] INFO  o.e.m.c.i.embedder.EclipseLogger - skip non existing resourceDirectory C:\mudi\1530-springmvc-parte1-aula1\src\test\resources
2023-03-13 02:10:31,964 [Worker-34: Building] INFO  o.e.m.c.i.embedder.EclipseLogger - Using 'UTF-8' encoding to copy filtered resources.
2023-03-13 02:10:31,965 [Worker-34: Building] INFO  o.e.m.c.i.embedder.EclipseLogger - Copying 0 resource
2023-03-13 02:10:31,966 [Worker-34: Building] INFO  o.e.m.c.i.embedder.EclipseLogger - Copying 1 resource
2023-03-13 02:10:31,976 [Worker-34: Building] INFO  o.e.m.c.i.embedder.EclipseLogger - Using 'UTF-8' encoding to copy filtered resources.
2023-03-13 02:10:31,977 [Worker-34: Building] INFO  o.e.m.c.i.embedder.EclipseLogger - skip non existing resourceDirectory C:\mudi\1530-springmvc-parte1-aula1\src\test\resources
2023-03-13 02:11:05,093 [Worker-38: Building] INFO  o.e.m.c.i.embedder.EclipseLogger - Using 'UTF-8' encoding to copy filtered resources.
2023-03-13 02:11:05,094 [Worker-38: Building] INFO  o.e.m.c.i.embedder.EclipseLogger - Copying 0 resource
2023-03-13 02:11:05,094 [Worker-38: Building] INFO  o.e.m.c.i.embedder.EclipseLogger - Copying 1 resource
2023-03-13 02:11:05,099 [Worker-38: Building] INFO  o.e.m.c.i.embedder.EclipseLogger - Using 'UTF-8' encoding to copy filtered resources.
2023-03-13 02:11:05,099 [Worker-38: Building] INFO  o.e.m.c.i.embedder.EclipseLogger - skip non existing resourceDirectory C:\mudi\1530-springmvc-parte1-aula1\src\test\resources
2023-03-13 02:11:16,797 [Worker-35: Building] INFO  o.e.m.c.i.embedder.EclipseLogger - Using 'UTF-8' encoding to copy filtered resources.
2023-03-13 02:11:16,798 [Worker-35: Building] INFO  o.e.m.c.i.embedder.EclipseLogger - Copying 0 resource
2023-03-13 02:11:16,798 [Worker-35: Building] INFO  o.e.m.c.i.embedder.EclipseLogger - Copying 1 resource
2023-03-13 02:11:16,801 [Worker-35: Building] INFO  o.e.m.c.i.embedder.EclipseLogger - Using 'UTF-8' encoding to copy filtered resources.
2023-03-13 02:11:16,801 [Worker-35: Building] INFO  o.e.m.c.i.embedder.EclipseLogger - skip non existing resourceDirectory C:\mudi\1530-springmvc-parte1-aula1\src\test\resources
2023-03-13 02:11:30,034 [Worker-35: Building] INFO  o.e.m.c.i.embedder.EclipseLogger - Using 'UTF-8' encoding to copy filtered resources.
2023-03-13 02:11:30,036 [Worker-35: Building] INFO  o.e.m.c.i.embedder.EclipseLogger - Copying 0 resource
2023-03-13 02:11:30,036 [Worker-35: Building] INFO  o.e.m.c.i.embedder.EclipseLogger - Copying 1 resource
2023-03-13 02:11:30,040 [Worker-35: Building] INFO  o.e.m.c.i.embedder.EclipseLogger - Using 'UTF-8' encoding to copy filtered resources.
2023-03-13 02:11:30,040 [Worker-35: Building] INFO  o.e.m.c.i.embedder.EclipseLogger - skip non existing resourceDirectory C:\mudi\1530-springmvc-parte1-aula1\src\test\resources
2023-03-13 02:11:41,066 [Worker-34: Building] INFO  o.e.m.c.i.embedder.EclipseLogger - Using 'UTF-8' encoding to copy filtered resources.
2023-03-13 02:11:41,067 [Worker-34: Building] INFO  o.e.m.c.i.embedder.EclipseLogger - Copying 0 resource
2023-03-13 02:11:41,067 [Worker-34: Building] INFO  o.e.m.c.i.embedder.EclipseLogger - Copying 1 resource
2023-03-13 02:11:41,072 [Worker-34: Building] INFO  o.e.m.c.i.embedder.EclipseLogger - Using 'UTF-8' encoding to copy filtered resources.
2023-03-13 02:11:41,072 [Worker-34: Building] INFO  o.e.m.c.i.embedder.EclipseLogger - skip non existing resourceDirectory C:\mudi\1530-springmvc-parte1-aula1\src\test\resources
2023-03-13 02:12:03,549 [Worker-34: Building] INFO  o.e.m.c.i.embedder.EclipseLogger - Using 'UTF-8' encoding to copy filtered resources.
2023-03-13 02:12:03,550 [Worker-34: Building] INFO  o.e.m.c.i.embedder.EclipseLogger - Copying 0 resource
2023-03-13 02:12:03,550 [Worker-34: Building] INFO  o.e.m.c.i.embedder.EclipseLogger - Copying 1 resource
2023-03-13 02:12:03,555 [Worker-34: Building] INFO  o.e.m.c.i.embedder.EclipseLogger - Using 'UTF-8' encoding to copy filtered resources.
2023-03-13 02:12:03,555 [Worker-34: Building] INFO  o.e.m.c.i.embedder.EclipseLogger - skip non existing resourceDirectory C:\mudi\1530-springmvc-parte1-aula1\src\test\resources
2023-03-13 02:13:02,323 [Worker-36: Building] INFO  o.e.m.c.i.embedder.EclipseLogger - Using 'UTF-8' encoding to copy filtered resources.
2023-03-13 02:13:02,323 [Worker-36: Building] INFO  o.e.m.c.i.embedder.EclipseLogger - Copying 0 resource
2023-03-13 02:13:02,323 [Worker-36: Building] INFO  o.e.m.c.i.embedder.EclipseLogger - Copying 1 resource
2023-03-13 02:13:02,328 [Worker-36: Building] INFO  o.e.m.c.i.embedder.EclipseLogger - Using 'UTF-8' encoding to copy filtered resources.
2023-03-13 02:13:02,328 [Worker-36: Building] INFO  o.e.m.c.i.embedder.EclipseLogger - skip non existing resourceDirectory C:\mudi\1530-springmvc-parte1-aula1\src\test\resources
2023-03-13 02:13:19,950 [Worker-36: Building] INFO  o.e.m.c.i.embedder.EclipseLogger - Using 'UTF-8' encoding to copy filtered resources.
2023-03-13 02:13:19,951 [Worker-36: Building] INFO  o.e.m.c.i.embedder.EclipseLogger - Copying 0 resource
2023-03-13 02:13:19,951 [Worker-36: Building] INFO  o.e.m.c.i.embedder.EclipseLogger - Copying 1 resource
2023-03-13 02:13:19,955 [Worker-36: Building] INFO  o.e.m.c.i.embedder.EclipseLogger - Using 'UTF-8' encoding to copy filtered resources.
2023-03-13 02:13:19,956 [Worker-36: Building] INFO  o.e.m.c.i.embedder.EclipseLogger - skip non existing resourceDirectory C:\mudi\1530-springmvc-parte1-aula1\src\test\resources
2023-03-13 02:15:44,886 [Worker-35: Building] INFO  o.e.m.c.i.embedder.EclipseLogger - Using 'UTF-8' encoding to copy filtered resources.
2023-03-13 02:15:44,887 [Worker-35: Building] INFO  o.e.m.c.i.embedder.EclipseLogger - Copying 0 resource
2023-03-13 02:15:44,888 [Worker-35: Building] INFO  o.e.m.c.i.embedder.EclipseLogger - Copying 1 resource
2023-03-13 02:15:44,893 [Worker-35: Building] INFO  o.e.m.c.i.embedder.EclipseLogger - Using 'UTF-8' encoding to copy filtered resources.
2023-03-13 02:15:44,893 [Worker-35: Building] INFO  o.e.m.c.i.embedder.EclipseLogger - skip non existing resourceDirectory C:\mudi\1530-springmvc-parte1-aula1\src\test\resources
2023-03-13 02:16:26,172 [Worker-35: Building] INFO  o.e.m.c.i.embedder.EclipseLogger - Using 'UTF-8' encoding to copy filtered resources.
2023-03-13 02:16:26,173 [Worker-35: Building] INFO  o.e.m.c.i.embedder.EclipseLogger - Copying 0 resource
2023-03-13 02:16:26,174 [Worker-35: Building] INFO  o.e.m.c.i.embedder.EclipseLogger - Copying 1 resource
2023-03-13 02:16:26,177 [Worker-35: Building] INFO  o.e.m.c.i.embedder.EclipseLogger - Using 'UTF-8' encoding to copy filtered resources.
2023-03-13 02:16:26,178 [Worker-35: Building] INFO  o.e.m.c.i.embedder.EclipseLogger - skip non existing resourceDirectory C:\mudi\1530-springmvc-parte1-aula1\src\test\resources
2023-03-13 02:16:52,851 [Worker-39: Building] INFO  o.e.m.c.i.embedder.EclipseLogger - Using 'UTF-8' encoding to copy filtered resources.
2023-03-13 02:16:52,853 [Worker-39: Building] INFO  o.e.m.c.i.embedder.EclipseLogger - Copying 0 resource
2023-03-13 02:16:52,853 [Worker-39: Building] INFO  o.e.m.c.i.embedder.EclipseLogger - Copying 1 resource
2023-03-13 02:16:52,857 [Worker-39: Building] INFO  o.e.m.c.i.embedder.EclipseLogger - Using 'UTF-8' encoding to copy filtered resources.
2023-03-13 02:16:52,857 [Worker-39: Building] INFO  o.e.m.c.i.embedder.EclipseLogger - skip non existing resourceDirectory C:\mudi\1530-springmvc-parte1-aula1\src\test\resources
2023-03-13 02:20:32,213 [Worker-35: Building] INFO  o.e.m.c.i.embedder.EclipseLogger - Using 'UTF-8' encoding to copy filtered resources.
2023-03-13 02:20:32,214 [Worker-35: Building] INFO  o.e.m.c.i.embedder.EclipseLogger - Copying 0 resource
2023-03-13 02:20:32,214 [Worker-35: Building] INFO  o.e.m.c.i.embedder.EclipseLogger - Copying 1 resource
2023-03-13 02:20:32,218 [Worker-35: Building] INFO  o.e.m.c.i.embedder.EclipseLogger - Using 'UTF-8' encoding to copy filtered resources.
2023-03-13 02:20:32,218 [Worker-35: Building] INFO  o.e.m.c.i.embedder.EclipseLogger - skip non existing resourceDirectory C:\mudi\1530-springmvc-parte1-aula1\src\test\resources
2023-03-13 02:20:40,223 [Worker-35: Building] INFO  o.e.m.c.i.embedder.EclipseLogger - Using 'UTF-8' encoding to copy filtered resources.
2023-03-13 02:20:40,223 [Worker-35: Building] INFO  o.e.m.c.i.embedder.EclipseLogger - Copying 0 resource
2023-03-13 02:20:40,224 [Worker-35: Building] INFO  o.e.m.c.i.embedder.EclipseLogger - Copying 1 resource
2023-03-13 02:20:40,230 [Worker-35: Building] INFO  o.e.m.c.i.embedder.EclipseLogger - Using 'UTF-8' encoding to copy filtered resources.
2023-03-13 02:20:40,230 [Worker-35: Building] INFO  o.e.m.c.i.embedder.EclipseLogger - skip non existing resourceDirectory C:\mudi\1530-springmvc-parte1-aula1\src\test\resources
2023-03-13 02:20:45,771 [Worker-40: Building] INFO  o.e.m.c.i.embedder.EclipseLogger - Using 'UTF-8' encoding to copy filtered resources.
2023-03-13 02:20:45,772 [Worker-40: Building] INFO  o.e.m.c.i.embedder.EclipseLogger - Copying 0 resource
2023-03-13 02:20:45,772 [Worker-40: Building] INFO  o.e.m.c.i.embedder.EclipseLogger - Copying 1 resource
2023-03-13 02:20:45,776 [Worker-40: Building] INFO  o.e.m.c.i.embedder.EclipseLogger - Using 'UTF-8' encoding to copy filtered resources.
2023-03-13 02:20:45,776 [Worker-40: Building] INFO  o.e.m.c.i.embedder.EclipseLogger - skip non existing resourceDirectory C:\mudi\1530-springmvc-parte1-aula1\src\test\resources
2023-03-13 02:30:29,985 [Worker-43: Building] INFO  o.e.m.c.i.embedder.EclipseLogger - Using 'UTF-8' encoding to copy filtered resources.
2023-03-13 02:30:29,985 [Worker-43: Building] INFO  o.e.m.c.i.embedder.EclipseLogger - Copying 0 resource
2023-03-13 02:30:29,986 [Worker-43: Building] INFO  o.e.m.c.i.embedder.EclipseLogger - Copying 1 resource
2023-03-13 02:30:29,989 [Worker-43: Building] INFO  o.e.m.c.i.embedder.EclipseLogger - Using 'UTF-8' encoding to copy filtered resources.
2023-03-13 02:30:29,989 [Worker-43: Building] INFO  o.e.m.c.i.embedder.EclipseLogger - skip non existing resourceDirectory C:\mudi\1530-springmvc-parte1-aula1\src\test\resources
2023-03-13 02:30:53,759 [Worker-35: Building] INFO  o.e.m.c.i.embedder.EclipseLogger - Using 'UTF-8' encoding to copy filtered resources.
2023-03-13 02:30:53,759 [Worker-35: Building] INFO  o.e.m.c.i.embedder.EclipseLogger - Copying 0 resource
2023-03-13 02:30:53,760 [Worker-35: Building] INFO  o.e.m.c.i.embedder.EclipseLogger - Copying 1 resource
2023-03-13 02:30:53,764 [Worker-35: Building] INFO  o.e.m.c.i.embedder.EclipseLogger - Using 'UTF-8' encoding to copy filtered resources.
2023-03-13 02:30:53,765 [Worker-35: Building] INFO  o.e.m.c.i.embedder.EclipseLogger - skip non existing resourceDirectory C:\mudi\1530-springmvc-parte1-aula1\src\test\resources
2023-03-13 02:31:00,288 [Worker-35: Building] INFO  o.e.m.c.i.embedder.EclipseLogger - Using 'UTF-8' encoding to copy filtered resources.
2023-03-13 02:31:00,288 [Worker-35: Building] INFO  o.e.m.c.i.embedder.EclipseLogger - Copying 0 resource
2023-03-13 02:31:00,289 [Worker-35: Building] INFO  o.e.m.c.i.embedder.EclipseLogger - Copying 1 resource
2023-03-13 02:31:00,293 [Worker-35: Building] INFO  o.e.m.c.i.embedder.EclipseLogger - Using 'UTF-8' encoding to copy filtered resources.
2023-03-13 02:31:00,293 [Worker-35: Building] INFO  o.e.m.c.i.embedder.EclipseLogger - skip non existing resourceDirectory C:\mudi\1530-springmvc-parte1-aula1\src\test\resources
2023-03-13 02:31:25,876 [Worker-35: Building] INFO  o.e.m.c.i.embedder.EclipseLogger - Using 'UTF-8' encoding to copy filtered resources.
2023-03-13 02:31:25,877 [Worker-35: Building] INFO  o.e.m.c.i.embedder.EclipseLogger - Copying 0 resource
2023-03-13 02:31:25,878 [Worker-35: Building] INFO  o.e.m.c.i.embedder.EclipseLogger - Copying 1 resource
2023-03-13 02:31:25,882 [Worker-35: Building] INFO  o.e.m.c.i.embedder.EclipseLogger - Using 'UTF-8' encoding to copy filtered resources.
2023-03-13 02:31:25,882 [Worker-35: Building] INFO  o.e.m.c.i.embedder.EclipseLogger - skip non existing resourceDirectory C:\mudi\1530-springmvc-parte1-aula1\src\test\resources
2023-03-13 02:31:49,304 [Worker-35: Building] INFO  o.e.m.c.i.embedder.EclipseLogger - Using 'UTF-8' encoding to copy filtered resources.
2023-03-13 02:31:49,305 [Worker-35: Building] INFO  o.e.m.c.i.embedder.EclipseLogger - Copying 0 resource
2023-03-13 02:31:49,305 [Worker-35: Building] INFO  o.e.m.c.i.embedder.EclipseLogger - Copying 1 resource
2023-03-13 02:31:49,310 [Worker-35: Building] INFO  o.e.m.c.i.embedder.EclipseLogger - Using 'UTF-8' encoding to copy filtered resources.
2023-03-13 02:31:49,310 [Worker-35: Building] INFO  o.e.m.c.i.embedder.EclipseLogger - skip non existing resourceDirectory C:\mudi\1530-springmvc-parte1-aula1\src\test\resources
2023-03-13 02:32:19,415 [Worker-44: Building] INFO  o.e.m.c.i.embedder.EclipseLogger - Using 'UTF-8' encoding to copy filtered resources.
2023-03-13 02:32:19,415 [Worker-44: Building] INFO  o.e.m.c.i.embedder.EclipseLogger - Copying 0 resource
2023-03-13 02:32:19,415 [Worker-44: Building] INFO  o.e.m.c.i.embedder.EclipseLogger - Copying 1 resource
2023-03-13 02:32:19,419 [Worker-44: Building] INFO  o.e.m.c.i.embedder.EclipseLogger - Using 'UTF-8' encoding to copy filtered resources.
2023-03-13 02:32:19,419 [Worker-44: Building] INFO  o.e.m.c.i.embedder.EclipseLogger - skip non existing resourceDirectory C:\mudi\1530-springmvc-parte1-aula1\src\test\resources
2023-03-13 02:40:43,588 [Worker-46: Building] INFO  o.e.m.c.i.embedder.EclipseLogger - Using 'UTF-8' encoding to copy filtered resources.
2023-03-13 02:40:43,588 [Worker-46: Building] INFO  o.e.m.c.i.embedder.EclipseLogger - Copying 0 resource
2023-03-13 02:40:43,588 [Worker-46: Building] INFO  o.e.m.c.i.embedder.EclipseLogger - Copying 1 resource
2023-03-13 02:40:43,594 [Worker-46: Building] INFO  o.e.m.c.i.embedder.EclipseLogger - Using 'UTF-8' encoding to copy filtered resources.
2023-03-13 02:40:43,594 [Worker-46: Building] INFO  o.e.m.c.i.embedder.EclipseLogger - skip non existing resourceDirectory C:\mudi\1530-springmvc-parte1-aula1\src\test\resources
2023-03-13 02:42:49,853 [Worker-48: Building] INFO  o.e.m.c.i.embedder.EclipseLogger - Using 'UTF-8' encoding to copy filtered resources.
2023-03-13 02:42:49,854 [Worker-48: Building] INFO  o.e.m.c.i.embedder.EclipseLogger - Copying 1 resource
2023-03-13 02:42:49,855 [Worker-48: Building] INFO  o.e.m.c.i.embedder.EclipseLogger - Copying 2 resources
2023-03-13 02:42:49,859 [Worker-48: Building] INFO  o.e.m.c.i.embedder.EclipseLogger - Using 'UTF-8' encoding to copy filtered resources.
2023-03-13 02:42:49,860 [Worker-48: Building] INFO  o.e.m.c.i.embedder.EclipseLogger - skip non existing resourceDirectory C:\mudi\1530-springmvc-parte1-aula1\src\test\resources
2023-03-13 02:43:29,071 [Worker-47: Building] INFO  o.e.m.c.i.embedder.EclipseLogger - Using 'UTF-8' encoding to copy filtered resources.
2023-03-13 02:43:29,072 [Worker-47: Building] INFO  o.e.m.c.i.embedder.EclipseLogger - Copying 1 resource
2023-03-13 02:43:29,073 [Worker-47: Building] INFO  o.e.m.c.i.embedder.EclipseLogger - Copying 2 resources
2023-03-13 02:43:29,075 [Worker-47: Building] INFO  o.e.m.c.i.embedder.EclipseLogger - Using 'UTF-8' encoding to copy filtered resources.
2023-03-13 02:43:29,075 [Worker-47: Building] INFO  o.e.m.c.i.embedder.EclipseLogger - skip non existing resourceDirectory C:\mudi\1530-springmvc-parte1-aula1\src\test\resources
2023-03-13 02:47:05,833 [Worker-47: Building] INFO  o.e.m.c.i.embedder.EclipseLogger - Using 'UTF-8' encoding to copy filtered resources.
2023-03-13 02:47:05,834 [Worker-47: Building] INFO  o.e.m.c.i.embedder.EclipseLogger - Copying 0 resource
2023-03-13 02:47:05,835 [Worker-47: Building] INFO  o.e.m.c.i.embedder.EclipseLogger - Copying 1 resource
2023-03-13 02:47:05,839 [Worker-47: Building] INFO  o.e.m.c.i.embedder.EclipseLogger - Using 'UTF-8' encoding to copy filtered resources.
2023-03-13 02:47:05,839 [Worker-47: Building] INFO  o.e.m.c.i.embedder.EclipseLogger - skip non existing resourceDirectory C:\mudi\1530-springmvc-parte1-aula1\src\test\resources
2023-03-13 10:41:15,808 [Worker-4: Loading available Gradle versions] INFO  o.e.b.c.i.u.g.PublishedGradleVersions - Gradle version information cache is up-to-date. Trying to read.
2023-03-13 10:41:54,542 [Worker-7: Building] INFO  o.e.m.c.i.embedder.EclipseLogger - Using 'UTF-8' encoding to copy filtered resources.
2023-03-13 10:41:54,546 [Worker-7: Building] INFO  o.e.m.c.i.embedder.EclipseLogger - Copying 1 resource
2023-03-13 10:41:54,556 [Worker-7: Building] INFO  o.e.m.c.i.embedder.EclipseLogger - Copying 2 resources
2023-03-13 10:41:54,564 [Worker-7: Building] INFO  o.e.m.c.i.embedder.EclipseLogger - Using 'UTF-8' encoding to copy filtered resources.
2023-03-13 10:41:54,564 [Worker-7: Building] INFO  o.e.m.c.i.embedder.EclipseLogger - skip non existing resourceDirectory C:\mudi\1530-springmvc-parte1-aula1\src\test\resources
2023-03-13 10:44:20,680 [Worker-12: Building] INFO  o.e.m.c.i.embedder.EclipseLogger - Using 'UTF-8' encoding to copy filtered resources.
2023-03-13 10:44:20,681 [Worker-12: Building] INFO  o.e.m.c.i.embedder.EclipseLogger - Copying 0 resource
2023-03-13 10:44:20,682 [Worker-12: Building] INFO  o.e.m.c.i.embedder.EclipseLogger - Copying 1 resource
2023-03-13 10:44:20,685 [Worker-12: Building] INFO  o.e.m.c.i.embedder.EclipseLogger - Using 'UTF-8' encoding to copy filtered resources.
2023-03-13 10:44:20,685 [Worker-12: Building] INFO  o.e.m.c.i.embedder.EclipseLogger - skip non existing resourceDirectory C:\mudi\1530-springmvc-parte1-aula1\src\test\resources
2023-03-13 10:46:50,430 [Worker-12: Building] INFO  o.e.m.c.i.embedder.EclipseLogger - Using 'UTF-8' encoding to copy filtered resources.
2023-03-13 10:46:50,431 [Worker-12: Building] INFO  o.e.m.c.i.embedder.EclipseLogger - Copying 0 resource
2023-03-13 10:46:50,431 [Worker-12: Building] INFO  o.e.m.c.i.embedder.EclipseLogger - Copying 1 resource
2023-03-13 10:46:50,435 [Worker-12: Building] INFO  o.e.m.c.i.embedder.EclipseLogger - Using 'UTF-8' encoding to copy filtered resources.
2023-03-13 10:46:50,435 [Worker-12: Building] INFO  o.e.m.c.i.embedder.EclipseLogger - skip non existing resourceDirectory C:\mudi\1530-springmvc-parte1-aula1\src\test\resources
2023-03-13 11:11:04,614 [Worker-13: Building] INFO  o.e.m.c.i.embedder.EclipseLogger - Using 'UTF-8' encoding to copy filtered resources.
2023-03-13 11:11:04,615 [Worker-13: Building] INFO  o.e.m.c.i.embedder.EclipseLogger - Copying 0 resource
2023-03-13 11:11:04,615 [Worker-13: Building] INFO  o.e.m.c.i.embedder.EclipseLogger - Copying 1 resource
2023-03-13 11:11:04,621 [Worker-13: Building] INFO  o.e.m.c.i.embedder.EclipseLogger - Using 'UTF-8' encoding to copy filtered resources.
2023-03-13 11:11:04,622 [Worker-13: Building] INFO  o.e.m.c.i.embedder.EclipseLogger - skip non existing resourceDirectory C:\mudi\1530-springmvc-parte1-aula1\src\test\resources
2023-03-13 11:12:47,060 [Worker-24: Building] INFO  o.e.m.c.i.embedder.EclipseLogger - Using 'UTF-8' encoding to copy filtered resources.
2023-03-13 11:12:47,061 [Worker-24: Building] INFO  o.e.m.c.i.embedder.EclipseLogger - Copying 0 resource
2023-03-13 11:12:47,061 [Worker-24: Building] INFO  o.e.m.c.i.embedder.EclipseLogger - Copying 1 resource
2023-03-13 11:12:47,066 [Worker-24: Building] INFO  o.e.m.c.i.embedder.EclipseLogger - Using 'UTF-8' encoding to copy filtered resources.
2023-03-13 11:12:47,066 [Worker-24: Building] INFO  o.e.m.c.i.embedder.EclipseLogger - skip non existing resourceDirectory C:\mudi\1530-springmvc-parte1-aula1\src\test\resources
2023-03-13 11:12:58,365 [Worker-24: Building] INFO  o.e.m.c.i.embedder.EclipseLogger - Using 'UTF-8' encoding to copy filtered resources.
2023-03-13 11:12:58,365 [Worker-24: Building] INFO  o.e.m.c.i.embedder.EclipseLogger - Copying 0 resource
2023-03-13 11:12:58,366 [Worker-24: Building] INFO  o.e.m.c.i.embedder.EclipseLogger - Copying 1 resource
2023-03-13 11:12:58,370 [Worker-24: Building] INFO  o.e.m.c.i.embedder.EclipseLogger - Using 'UTF-8' encoding to copy filtered resources.
2023-03-13 11:12:58,370 [Worker-24: Building] INFO  o.e.m.c.i.embedder.EclipseLogger - skip non existing resourceDirectory C:\mudi\1530-springmvc-parte1-aula1\src\test\resources
2023-03-13 11:21:55,908 [Worker-27: Building] INFO  o.e.m.c.i.embedder.EclipseLogger - Using 'UTF-8' encoding to copy filtered resources.
2023-03-13 11:21:55,908 [Worker-27: Building] INFO  o.e.m.c.i.embedder.EclipseLogger - Copying 0 resource
2023-03-13 11:21:55,908 [Worker-27: Building] INFO  o.e.m.c.i.embedder.EclipseLogger - Copying 1 resource
2023-03-13 11:21:55,912 [Worker-27: Building] INFO  o.e.m.c.i.embedder.EclipseLogger - Using 'UTF-8' encoding to copy filtered resources.
2023-03-13 11:21:55,912 [Worker-27: Building] INFO  o.e.m.c.i.embedder.EclipseLogger - skip non existing resourceDirectory C:\mudi\1530-springmvc-parte1-aula1\src\test\resources
2023-03-13 11:22:33,697 [Worker-32: Building] INFO  o.e.m.c.i.embedder.EclipseLogger - Using 'UTF-8' encoding to copy filtered resources.
2023-03-13 11:22:33,698 [Worker-32: Building] INFO  o.e.m.c.i.embedder.EclipseLogger - Copying 0 resource
2023-03-13 11:22:33,698 [Worker-32: Building] INFO  o.e.m.c.i.embedder.EclipseLogger - Copying 1 resource
2023-03-13 11:22:33,704 [Worker-32: Building] INFO  o.e.m.c.i.embedder.EclipseLogger - Using 'UTF-8' encoding to copy filtered resources.
2023-03-13 11:22:33,704 [Worker-32: Building] INFO  o.e.m.c.i.embedder.EclipseLogger - skip non existing resourceDirectory C:\mudi\1530-springmvc-parte1-aula1\src\test\resources
2023-03-13 11:27:25,944 [Worker-33: Building] INFO  o.e.m.c.i.embedder.EclipseLogger - Using 'UTF-8' encoding to copy filtered resources.
2023-03-13 11:27:25,944 [Worker-33: Building] INFO  o.e.m.c.i.embedder.EclipseLogger - Copying 0 resource
2023-03-13 11:27:25,944 [Worker-33: Building] INFO  o.e.m.c.i.embedder.EclipseLogger - Copying 1 resource
2023-03-13 11:27:25,948 [Worker-33: Building] INFO  o.e.m.c.i.embedder.EclipseLogger - Using 'UTF-8' encoding to copy filtered resources.
2023-03-13 11:27:25,948 [Worker-33: Building] INFO  o.e.m.c.i.embedder.EclipseLogger - skip non existing resourceDirectory C:\mudi\1530-springmvc-parte1-aula1\src\test\resources
2023-03-13 11:27:37,340 [Worker-27: Building] INFO  o.e.m.c.i.embedder.EclipseLogger - Using 'UTF-8' encoding to copy filtered resources.
2023-03-13 11:27:37,340 [Worker-27: Building] INFO  o.e.m.c.i.embedder.EclipseLogger - Copying 0 resource
2023-03-13 11:27:37,340 [Worker-27: Building] INFO  o.e.m.c.i.embedder.EclipseLogger - Copying 1 resource
2023-03-13 11:27:37,344 [Worker-27: Building] INFO  o.e.m.c.i.embedder.EclipseLogger - Using 'UTF-8' encoding to copy filtered resources.
2023-03-13 11:27:37,344 [Worker-27: Building] INFO  o.e.m.c.i.embedder.EclipseLogger - skip non existing resourceDirectory C:\mudi\1530-springmvc-parte1-aula1\src\test\resources
2023-03-13 11:27:50,117 [Worker-27: Building] INFO  o.e.m.c.i.embedder.EclipseLogger - Using 'UTF-8' encoding to copy filtered resources.
2023-03-13 11:27:50,117 [Worker-27: Building] INFO  o.e.m.c.i.embedder.EclipseLogger - Copying 0 resource
2023-03-13 11:27:50,118 [Worker-27: Building] INFO  o.e.m.c.i.embedder.EclipseLogger - Copying 1 resource
2023-03-13 11:27:50,121 [Worker-27: Building] INFO  o.e.m.c.i.embedder.EclipseLogger - Using 'UTF-8' encoding to copy filtered resources.
2023-03-13 11:27:50,121 [Worker-27: Building] INFO  o.e.m.c.i.embedder.EclipseLogger - skip non existing resourceDirectory C:\mudi\1530-springmvc-parte1-aula1\src\test\resources
2023-03-13 11:39:36,135 [Worker-37: Building] INFO  o.e.m.c.i.embedder.EclipseLogger - Using 'UTF-8' encoding to copy filtered resources.
2023-03-13 11:39:36,136 [Worker-37: Building] INFO  o.e.m.c.i.embedder.EclipseLogger - Copying 0 resource
2023-03-13 11:39:36,137 [Worker-37: Building] INFO  o.e.m.c.i.embedder.EclipseLogger - Copying 1 resource
2023-03-13 11:39:36,142 [Worker-37: Building] INFO  o.e.m.c.i.embedder.EclipseLogger - Using 'UTF-8' encoding to copy filtered resources.
2023-03-13 11:39:36,142 [Worker-37: Building] INFO  o.e.m.c.i.embedder.EclipseLogger - skip non existing resourceDirectory C:\mudi\1530-springmvc-parte1-aula1\src\test\resources
2023-03-13 11:40:20,880 [Worker-31: Building] INFO  o.e.m.c.i.embedder.EclipseLogger - Using 'UTF-8' encoding to copy filtered resources.
2023-03-13 11:40:20,880 [Worker-31: Building] INFO  o.e.m.c.i.embedder.EclipseLogger - Copying 0 resource
